  ANDROID_HOME=C:\\Microsoft\AndroidSDK\25
  ANT_HOME=C:\Program Files\Microsoft Visual Studio\2022\Community\Apps\apache-ant-1.9.3
  JAVA_HOME=C:\Program Files\Android\jdk\jdk-8.0.302.8-hotspot\jdk8u302-b08
  NDK_ROOT=C:\archive\android-ndk-r23b
  compat.c
  In file included from <built-in>:348:
<command line>(4,9): warning : '__ANDROID_API__' macro redefined [-Wmacro-redefined]
  #define __ANDROID_API__ 27
          ^
  <built-in>(341,9): note: previous definition is here
  #define __ANDROID_API__ __ANDROID_MIN_SDK_VERSION__
          ^
  In file included from src\libmpg123\compat.c:13:
  In file included from .\config.h:3:
C:\basis\operating-system\operating-system-android\_seed\../../operating-system-android\operating_system/third_private_config.h(7,10): fatal error : 'platform/config.h' file not found
  #include "platform/config.h"
           ^~~~~~~~~~~~~~~~~~~
  dct64.c
  1 warning and 1 error generated.
  In file included from <built-in>:348:
<command line>(4,9): warning : '__ANDROID_API__' macro redefined [-Wmacro-redefined]
  #define __ANDROID_API__ 27
          ^
  <built-in>(341,9): note: previous definition is here
  #define __ANDROID_API__ __ANDROID_MIN_SDK_VERSION__
          ^
  In file included from src\libmpg123\dct64.c:20:
  In file included from src\libmpg123/mpg123lib_intern.h:16:
  In file included from .\config.h:3:
C:\basis\operating-system\operating-system-android\_seed\../../operating-system-android\operating_system/third_private_config.h(7,10): fatal error : 'platform/config.h' file not found
  #include "platform/config.h"
           ^~~~~~~~~~~~~~~~~~~
  frame.c
  1 warning and 1 error generated.
  In file included from <built-in>:348:
<command line>(4,9): warning : '__ANDROID_API__' macro redefined [-Wmacro-redefined]
  #define __ANDROID_API__ 27
          ^
  <built-in>(341,9): note: previous definition is here
  #define __ANDROID_API__ __ANDROID_MIN_SDK_VERSION__
          ^
  In file included from src\libmpg123\frame.c:9:
  In file included from src\libmpg123/mpg123lib_intern.h:16:
  In file included from .\config.h:3:
C:\basis\operating-system\operating-system-android\_seed\../../operating-system-android\operating_system/third_private_config.h(7,10): fatal error : 'platform/config.h' file not found
  #include "platform/config.h"
           ^~~~~~~~~~~~~~~~~~~
  1 warning and 1 error generated.
  format.c
  equalizer.c
  In file included from <built-in>:348:
<command line>(4,9): warning : '__ANDROID_API__' macro redefined [-Wmacro-redefined]
  #define __ANDROID_API__ 27
          ^
  <built-in>(341,9): note: previous definition is here
  #define __ANDROID_API__ __ANDROID_MIN_SDK_VERSION__
          ^
  In file included from src\libmpg123\format.c:28:
  In file included from src\libmpg123/mpg123lib_intern.h:16:
  In file included from .\config.h:3:
C:\basis\operating-system\operating-system-android\_seed\../../operating-system-android\operating_system/third_private_config.h(7,10): fatal error : 'platform/config.h' file not found
  #include "platform/config.h"
           ^~~~~~~~~~~~~~~~~~~
  In file included from <built-in>:348:
<command line>(4,9): warning : '__ANDROID_API__' macro redefined [-Wmacro-redefined]
  #define __ANDROID_API__ 27
          ^
  <built-in>(341,9): note: previous definition is here
  #define __ANDROID_API__ __ANDROID_MIN_SDK_VERSION__
          ^
  In file included from src\libmpg123\equalizer.c:10:
  In file included from src\libmpg123/mpg123lib_intern.h:16:
  In file included from .\config.h:3:
C:\basis\operating-system\operating-system-android\_seed\../../operating-system-android\operating_system/third_private_config.h(7,10): fatal error : 'platform/config.h' file not found
  #include "platform/config.h"
           ^~~~~~~~~~~~~~~~~~~
  1 warning and 1 error generated.
  1 warning and 1 error generated.
  dct64_i386.c
  dither.c
  In file included from <built-in>:348:
<command line>(4,9): warning : '__ANDROID_API__' macro redefined [-Wmacro-redefined]
  #define __ANDROID_API__ 27
          ^
  <built-in>(341,9): note: previous definition is here
  #define __ANDROID_API__ __ANDROID_MIN_SDK_VERSION__
          ^
  In file included from src\libmpg123\dct64_i386.c:17:
  In file included from src\libmpg123/mpg123lib_intern.h:16:
  In file included from .\config.h:3:
C:\basis\operating-system\operating-system-android\_seed\../../operating-system-android\operating_system/third_private_config.h(7,10): fatal error : 'platform/config.h' file not found
  #include "platform/config.h"
           ^~~~~~~~~~~~~~~~~~~
  1 warning and 1 error generated.
  In file included from <built-in>:348:
<command line>(4,9): warning : '__ANDROID_API__' macro redefined [-Wmacro-redefined]
  #define __ANDROID_API__ 27
          ^
  <built-in>(341,9): note: previous definition is here
  #define __ANDROID_API__ __ANDROID_MIN_SDK_VERSION__
          ^
  In file included from src\libmpg123\dither.c:2:
  In file included from C:\basis\source\third\libmpg123\/src\intsym.h:5:
  In file included from .\config.h:3:
C:\basis\operating-system\operating-system-android\_seed\../../operating-system-android\operating_system/third_private_config.h(7,10): fatal error : 'platform/config.h' file not found
  #include "platform/config.h"
           ^~~~~~~~~~~~~~~~~~~
  1 warning and 1 error generated.
  feature.c
  In file included from <built-in>:348:
<command line>(4,9): warning : '__ANDROID_API__' macro redefined [-Wmacro-redefined]
  #define __ANDROID_API__ 27
          ^
  <built-in>(341,9): note: previous definition is here
  #define __ANDROID_API__ __ANDROID_MIN_SDK_VERSION__
          ^
  In file included from src\libmpg123\feature.c:1:
  In file included from src\libmpg123/mpg123lib_intern.h:16:
  In file included from .\config.h:3:
C:\basis\operating-system\operating-system-android\_seed\../../operating-system-android\operating_system/third_private_config.h(7,10): fatal error : 'platform/config.h' file not found
  #include "platform/config.h"
           ^~~~~~~~~~~~~~~~~~~
  1 warning and 1 error generated.
